Traceback (most recent call last):
  File "/g/data/w97/mm3972/scripts/PLUMBER2/LSM_VPD_PLUMBER2/plot_ET_vs_VPD_wet_dry.py", line 206, in <module>
    plot_var_VPD(var_name, bin_by=bin_by, low_bound=low_bound, high_bound=high_bound,
  File "/g/data/w97/mm3972/scripts/PLUMBER2/LSM_VPD_PLUMBER2/plot_ET_vs_VPD_wet_dry.py", line 40, in plot_var_VPD
    var_dry = pd.read_csv(f'./txt/{var_name}_VPD'+message+'_'+bin_by+'_'+str(low_bound[0])+'-'+str(low_bound[1])+'_'+method+'_coarse.csv')
  File "/g/data/hh5/public/apps/miniconda3/envs/analysis3-22.04/lib/python3.9/site-packages/pandas/util/_decorators.py", line 311, in wrapper
    return func(*args, **kwargs)
  File "/g/data/hh5/public/apps/miniconda3/envs/analysis3-22.04/lib/python3.9/site-packages/pandas/io/parsers/readers.py", line 586, in read_csv
    return _read(filepath_or_buffer, kwds)
  File "/g/data/hh5/public/apps/miniconda3/envs/analysis3-22.04/lib/python3.9/site-packages/pandas/io/parsers/readers.py", line 482, in _read
    parser = TextFileReader(filepath_or_buffer, **kwds)
  File "/g/data/hh5/public/apps/miniconda3/envs/analysis3-22.04/lib/python3.9/site-packages/pandas/io/parsers/readers.py", line 811, in __init__
    self._engine = self._make_engine(self.engine)
  File "/g/data/hh5/public/apps/miniconda3/envs/analysis3-22.04/lib/python3.9/site-packages/pandas/io/parsers/readers.py", line 1040, in _make_engine
    return mapping[engine](self.f, **self.options)  # type: ignore[call-arg]
  File "/g/data/hh5/public/apps/miniconda3/envs/analysis3-22.04/lib/python3.9/site-packages/pandas/io/parsers/c_parser_wrapper.py", line 51, in __init__
    self._open_handles(src, kwds)
  File "/g/data/hh5/public/apps/miniconda3/envs/analysis3-22.04/lib/python3.9/site-packages/pandas/io/parsers/base_parser.py", line 222, in _open_handles
    self.handles = get_handle(
  File "/g/data/hh5/public/apps/miniconda3/envs/analysis3-22.04/lib/python3.9/site-packages/pandas/io/common.py", line 702, in get_handle
    handle = open(
FileNotFoundError: [Errno 2] No such file or directory: './txt/NEE_VPD0-0.4_daytime_EF_model_0-0.2_bin_by_vpd_coarse.csv'
